# JRE version: OpenJDK Runtime Environment (8.0_242-b01) (build 1.8.0_242-release-1644-b01)
# Java VM: OpenJDK 64-Bit Server VM (25.242-b01 mixed mode windows-amd64 compressed oops)
Heap:
 PSYoungGen      total 509952K, used 186286K [0x00000000d5580000, 0x00000000f8800000, 0x0000000100000000)
  eden space 467456K, 30% used [0x00000000d5580000,0x00000000de1eb828,0x00000000f1e00000)
  from space 42496K, 99% used [0x00000000f5300000,0x00000000f7c7ffe8,0x00000000f7c80000)
  to   space 54272K, 0% used [0x00000000f1e00000,0x00000000f1e00000,0x00000000f5300000)
 ParOldGen       total 135168K, used 85274K [0x0000000080000000, 0x0000000088400000, 0x00000000d5580000)
  object space 135168K, 63% used [0x0000000080000000,0x0000000085346968,0x0000000088400000)
 Metaspace       used 97652K, capacity 102490K, committed 102936K, reserved 1138688K
  class space    used 13027K, capacity 13943K, committed 14128K, reserved 1048576K
GC Heap History (10 events):
Event: 75.488 GC heap before
{Heap before GC invocations=20 (full 3):
 PSYoungGen      total 353280K, used 352281K [0x00000000d5580000, 0x00000000eed00000, 0x0000000100000000)
  eden space 326656K, 100% used [0x00000000d5580000,0x00000000e9480000,0x00000000e9480000)
  from space 26624K, 96% used [0x00000000eb280000,0x00000000ecb86448,0x00000000ecc80000)
  to   space 30720K, 0% used [0x00000000e9480000,0x00000000e9480000,0x00000000eb280000)
 ParOldGen       total 81408K, used 30467K [0x0000000080000000, 0x0000000084f80000, 0x00000000d5580000)
  object space 81408K, 37% used [0x0000000080000000,0x0000000081dc0c20,0x0000000084f80000)
 Metaspace       used 81386K, capacity 85086K, committed 85272K, reserved 1122304K
  class space    used 10854K, capacity 11537K, committed 11568K, reserved 1048576K
Event: 76.161 GC heap after
Heap after GC invocations=20 (full 3):
 PSYoungGen      total 357376K, used 23950K [0x00000000d5580000, 0x00000000f0f00000, 0x0000000100000000)
  eden space 326656K, 0% used [0x00000000d5580000,0x00000000d5580000,0x00000000e9480000)
  from space 30720K, 77% used [0x00000000e9480000,0x00000000eabe3bc8,0x00000000eb280000)
  to   space 33280K, 0% used [0x00000000eee80000,0x00000000eee80000,0x00000000f0f00000)
 ParOldGen       total 81408K, used 30475K [0x0000000080000000, 0x0000000084f80000, 0x00000000d5580000)
  object space 81408K, 37% used [0x0000000080000000,0x0000000081dc2c20,0x0000000084f80000)
 Metaspace       used 81386K, capacity 85086K, committed 85272K, reserved 1122304K
  class space    used 10854K, capacity 11537K, committed 11568K, reserved 1048576K
}
Event: 87.826 GC heap before
{Heap before GC invocations=21 (full 3):
 PSYoungGen      total 357376K, used 350606K [0x00000000d5580000, 0x00000000f0f00000, 0x0000000100000000)
  eden space 326656K, 100% used [0x00000000d5580000,0x00000000e9480000,0x00000000e9480000)
  from space 30720K, 77% used [0x00000000e9480000,0x00000000eabe3bc8,0x00000000eb280000)
  to   space 33280K, 0% used [0x00000000eee80000,0x00000000eee80000,0x00000000f0f00000)
 ParOldGen       total 81408K, used 30475K [0x0000000080000000, 0x0000000084f80000, 0x00000000d5580000)
  object space 81408K, 37% used [0x0000000080000000,0x0000000081dc2c20,0x0000000084f80000)
 Metaspace       used 87371K, capacity 91194K, committed 91288K, reserved 1128448K
  class space    used 11652K, capacity 12371K, committed 12464K, reserved 1048576K
Event: 88.274 GC heap after
Heap after GC invocations=21 (full 3):
 PSYoungGen      total 412160K, used 33267K [0x00000000d5580000, 0x00000000f2000000, 0x0000000100000000)
  eden space 378880K, 0% used [0x00000000d5580000,0x00000000d5580000,0x00000000ec780000)
  from space 33280K, 99% used [0x00000000eee80000,0x00000000f0efcf38,0x00000000f0f00000)
  to   space 39936K, 0% used [0x00000000ec780000,0x00000000ec780000,0x00000000eee80000)
 ParOldGen       total 81408K, used 32763K [0x0000000080000000, 0x0000000084f80000, 0x00000000d5580000)
  object space 81408K, 40% used [0x0000000080000000,0x0000000081ffee98,0x0000000084f80000)
 Metaspace       used 87371K, capacity 91194K, committed 91288K, reserved 1128448K
  class space    used 11652K, capacity 12371K, committed 12464K, reserved 1048576K
}
Event: 91.331 GC heap before
{Heap before GC invocations=22 (full 3):
 PSYoungGen      total 412160K, used 98857K [0x00000000d5580000, 0x00000000f2000000, 0x0000000100000000)
  eden space 378880K, 17% used [0x00000000d5580000,0x00000000d958d708,0x00000000ec780000)
  from space 33280K, 99% used [0x00000000eee80000,0x00000000f0efcf38,0x00000000f0f00000)
  to   space 39936K, 0% used [0x00000000ec780000,0x00000000ec780000,0x00000000eee80000)
 ParOldGen       total 81408K, used 32763K [0x0000000080000000, 0x0000000084f80000, 0x00000000d5580000)
  object space 81408K, 40% used [0x0000000080000000,0x0000000081ffee98,0x0000000084f80000)
 Metaspace       used 93669K, capacity 98488K, committed 98600K, reserved 1134592K
  class space    used 12696K, capacity 13676K, committed 13744K, reserved 1048576K
Event: 91.864 GC heap after
Heap after GC invocations=22 (full 3):
 PSYoungGen      total 418816K, used 28738K [0x00000000d5580000, 0x00000000f7c80000, 0x0000000100000000)
  eden space 378880K, 0% used [0x00000000d5580000,0x00000000d5580000,0x00000000ec780000)
  from space 39936K, 71% used [0x00000000ec780000,0x00000000ee390838,0x00000000eee80000)
  to   space 42496K, 0% used [0x00000000f5300000,0x00000000f5300000,0x00000000f7c80000)
 ParOldGen       total 81408K, used 47812K [0x0000000080000000, 0x0000000084f80000, 0x00000000d5580000)
  object space 81408K, 58% used [0x0000000080000000,0x0000000082eb1150,0x0000000084f80000)
 Metaspace       used 93669K, capacity 98488K, committed 98600K, reserved 1134592K
  class space    used 12696K, capacity 13676K, committed 13744K, reserved 1048576K
}
Event: 91.864 GC heap before
{Heap before GC invocations=23 (full 4):
 PSYoungGen      total 418816K, used 28738K [0x00000000d5580000, 0x00000000f7c80000, 0x0000000100000000)
  eden space 378880K, 0% used [0x00000000d5580000,0x00000000d5580000,0x00000000ec780000)
  from space 39936K, 71% used [0x00000000ec780000,0x00000000ee390838,0x00000000eee80000)
  to   space 42496K, 0% used [0x00000000f5300000,0x00000000f5300000,0x00000000f7c80000)
 ParOldGen       total 81408K, used 47812K [0x0000000080000000, 0x0000000084f80000, 0x00000000d5580000)
  object space 81408K, 58% used [0x0000000080000000,0x0000000082eb1150,0x0000000084f80000)
 Metaspace       used 93669K, capacity 98488K, committed 98600K, reserved 1134592K
  class space    used 12696K, capacity 13676K, committed 13744K, reserved 1048576K
Event: 96.821 GC heap after
Heap after GC invocations=23 (full 4):
 PSYoungGen      total 418816K, used 0K [0x00000000d5580000, 0x00000000f7c80000, 0x0000000100000000)
  eden space 378880K, 0% used [0x00000000d5580000,0x00000000d5580000,0x00000000ec780000)
  from space 39936K, 0% used [0x00000000ec780000,0x00000000ec780000,0x00000000eee80000)
  to   space 42496K, 0% used [0x00000000f5300000,0x00000000f5300000,0x00000000f7c80000)
 ParOldGen       total 135168K, used 71422K [0x0000000080000000, 0x0000000088400000, 0x00000000d5580000)
  object space 135168K, 52% used [0x0000000080000000,0x00000000845bf958,0x0000000088400000)
 Metaspace       used 93141K, capacity 97256K, committed 98600K, reserved 1134592K
  class space    used 12508K, capacity 13340K, committed 13744K, reserved 1048576K
}
Event: 122.403 GC heap before
{Heap before GC invocations=24 (full 4):
 PSYoungGen      total 418816K, used 378880K [0x00000000d5580000, 0x00000000f7c80000, 0x0000000100000000)
  eden space 378880K, 100% used [0x00000000d5580000,0x00000000ec780000,0x00000000ec780000)
  from space 39936K, 0% used [0x00000000ec780000,0x00000000ec780000,0x00000000eee80000)
  to   space 42496K, 0% used [0x00000000f5300000,0x00000000f5300000,0x00000000f7c80000)
 ParOldGen       total 135168K, used 71422K [0x0000000080000000, 0x0000000088400000, 0x00000000d5580000)
  object space 135168K, 52% used [0x0000000080000000,0x00000000845bf958,0x0000000088400000)
 Metaspace       used 97517K, capacity 102340K, committed 102680K, reserved 1138688K
  class space    used 13013K, capacity 13942K, committed 14128K, reserved 1048576K
Event: 123.646 GC heap after
Heap after GC invocations=24 (full 4):
 PSYoungGen      total 509952K, used 42495K [0x00000000d5580000, 0x00000000f8800000, 0x0000000100000000)
  eden space 467456K, 0% used [0x00000000d5580000,0x00000000d5580000,0x00000000f1e00000)
  from space 42496K, 99% used [0x00000000f5300000,0x00000000f7c7ffe8,0x00000000f7c80000)
  to   space 54272K, 0% used [0x00000000f1e00000,0x00000000f1e00000,0x00000000f5300000)
 ParOldGen       total 135168K, used 85274K [0x0000000080000000, 0x0000000088400000, 0x00000000d5580000)
  object space 135168K, 63% used [0x0000000080000000,0x0000000085346968,0x0000000088400000)
 Metaspace       used 97517K, capacity 102340K, committed 102680K, reserved 1138688K
  class space    used 13013K, capacity 13942K, committed 14128K, reserved 1048576K
}

