# JRE version: OpenJDK Runtime Environment (8.0_242-b01) (build 1.8.0_242-release-1644-b01)
# Java VM: OpenJDK 64-Bit Server VM (25.242-b01 mixed mode windows-amd64 compressed oops)
Heap:
 PSYoungGen      total 509952K, used 343705K [0x00000000d5580000, 0x00000000f7780000, 0x0000000100000000)
  eden space 462848K, 70% used [0x00000000d5580000,0x00000000e92eafb8,0x00000000f1980000)
  from space 47104K, 39% used [0x00000000f4880000,0x00000000f5abb510,0x00000000f7680000)
  to   space 48128K, 0% used [0x00000000f1980000,0x00000000f1980000,0x00000000f4880000)
 ParOldGen       total 159744K, used 127839K [0x0000000080000000, 0x0000000089c00000, 0x00000000d5580000)
  object space 159744K, 80% used [0x0000000080000000,0x0000000087cd7cb8,0x0000000089c00000)
 Metaspace       used 83517K, capacity 87924K, committed 88216K, reserved 1126400K
  class space    used 11279K, capacity 12083K, committed 12208K, reserved 1048576K
GC Heap History (10 events):
Event: 124.504 GC heap before
{Heap before GC invocations=28 (full 4):
 PSYoungGen      total 510976K, used 509890K [0x00000000d5580000, 0x00000000f7780000, 0x0000000100000000)
  eden space 462848K, 100% used [0x00000000d5580000,0x00000000f1980000,0x00000000f1980000)
  from space 48128K, 97% used [0x00000000f1980000,0x00000000f47708a8,0x00000000f4880000)
  to   space 47104K, 0% used [0x00000000f4880000,0x00000000f4880000,0x00000000f7680000)
 ParOldGen       total 159744K, used 98386K [0x0000000080000000, 0x0000000089c00000, 0x00000000d5580000)
  object space 159744K, 61% used [0x0000000080000000,0x0000000086014b78,0x0000000089c00000)
 Metaspace       used 82528K, capacity 86728K, committed 87064K, reserved 1124352K
  class space    used 11165K, capacity 11941K, committed 12080K, reserved 1048576K
Event: 126.876 GC heap after
Heap after GC invocations=28 (full 4):
 PSYoungGen      total 509952K, used 47080K [0x00000000d5580000, 0x00000000f7780000, 0x0000000100000000)
  eden space 462848K, 0% used [0x00000000d5580000,0x00000000d5580000,0x00000000f1980000)
  from space 47104K, 99% used [0x00000000f4880000,0x00000000f767a210,0x00000000f7680000)
  to   space 48128K, 0% used [0x00000000f1980000,0x00000000f1980000,0x00000000f4880000)
 ParOldGen       total 159744K, used 106188K [0x0000000080000000, 0x0000000089c00000, 0x00000000d5580000)
  object space 159744K, 66% used [0x0000000080000000,0x00000000867b3010,0x0000000089c00000)
 Metaspace       used 82528K, capacity 86728K, committed 87064K, reserved 1124352K
  class space    used 11165K, capacity 11941K, committed 12080K, reserved 1048576K
}
Event: 131.767 GC heap before
{Heap before GC invocations=29 (full 4):
 PSYoungGen      total 509952K, used 509928K [0x00000000d5580000, 0x00000000f7780000, 0x0000000100000000)
  eden space 462848K, 100% used [0x00000000d5580000,0x00000000f1980000,0x00000000f1980000)
  from space 47104K, 99% used [0x00000000f4880000,0x00000000f767a210,0x00000000f7680000)
  to   space 48128K, 0% used [0x00000000f1980000,0x00000000f1980000,0x00000000f4880000)
 ParOldGen       total 159744K, used 106188K [0x0000000080000000, 0x0000000089c00000, 0x00000000d5580000)
  object space 159744K, 66% used [0x0000000080000000,0x00000000867b3010,0x0000000089c00000)
 Metaspace       used 82569K, capacity 86728K, committed 87064K, reserved 1124352K
  class space    used 11165K, capacity 11941K, committed 12080K, reserved 1048576K
Event: 132.314 GC heap after
Heap after GC invocations=29 (full 4):
 PSYoungGen      total 510976K, used 40262K [0x00000000d5580000, 0x00000000f7780000, 0x0000000100000000)
  eden space 462848K, 0% used [0x00000000d5580000,0x00000000d5580000,0x00000000f1980000)
  from space 48128K, 83% used [0x00000000f1980000,0x00000000f40d19e0,0x00000000f4880000)
  to   space 47104K, 0% used [0x00000000f4880000,0x00000000f4880000,0x00000000f7680000)
 ParOldGen       total 159744K, used 112492K [0x0000000080000000, 0x0000000089c00000, 0x00000000d5580000)
  object space 159744K, 70% used [0x0000000080000000,0x0000000086ddb230,0x0000000089c00000)
 Metaspace       used 82569K, capacity 86728K, committed 87064K, reserved 1124352K
  class space    used 11165K, capacity 11941K, committed 12080K, reserved 1048576K
}
Event: 139.931 GC heap before
{Heap before GC invocations=30 (full 4):
 PSYoungGen      total 510976K, used 503110K [0x00000000d5580000, 0x00000000f7780000, 0x0000000100000000)
  eden space 462848K, 100% used [0x00000000d5580000,0x00000000f1980000,0x00000000f1980000)
  from space 48128K, 83% used [0x00000000f1980000,0x00000000f40d19e0,0x00000000f4880000)
  to   space 47104K, 0% used [0x00000000f4880000,0x00000000f4880000,0x00000000f7680000)
 ParOldGen       total 159744K, used 112492K [0x0000000080000000, 0x0000000089c00000, 0x00000000d5580000)
  object space 159744K, 70% used [0x0000000080000000,0x0000000086ddb230,0x0000000089c00000)
 Metaspace       used 82611K, capacity 86796K, committed 87064K, reserved 1124352K
  class space    used 11165K, capacity 11941K, committed 12080K, reserved 1048576K
Event: 140.622 GC heap after
Heap after GC invocations=30 (full 4):
 PSYoungGen      total 509952K, used 26144K [0x00000000d5580000, 0x00000000f7780000, 0x0000000100000000)
  eden space 462848K, 0% used [0x00000000d5580000,0x00000000d5580000,0x00000000f1980000)
  from space 47104K, 55% used [0x00000000f4880000,0x00000000f62083a0,0x00000000f7680000)
  to   space 48128K, 0% used [0x00000000f1980000,0x00000000f1980000,0x00000000f4880000)
 ParOldGen       total 159744K, used 118294K [0x0000000080000000, 0x0000000089c00000, 0x00000000d5580000)
  object space 159744K, 74% used [0x0000000080000000,0x0000000087385a98,0x0000000089c00000)
 Metaspace       used 82611K, capacity 86796K, committed 87064K, reserved 1124352K
  class space    used 11165K, capacity 11941K, committed 12080K, reserved 1048576K
}
Event: 146.269 GC heap before
{Heap before GC invocations=31 (full 4):
 PSYoungGen      total 509952K, used 488992K [0x00000000d5580000, 0x00000000f7780000, 0x0000000100000000)
  eden space 462848K, 100% used [0x00000000d5580000,0x00000000f1980000,0x00000000f1980000)
  from space 47104K, 55% used [0x00000000f4880000,0x00000000f62083a0,0x00000000f7680000)
  to   space 48128K, 0% used [0x00000000f1980000,0x00000000f1980000,0x00000000f4880000)
 ParOldGen       total 159744K, used 118294K [0x0000000080000000, 0x0000000089c00000, 0x00000000d5580000)
  object space 159744K, 74% used [0x0000000080000000,0x0000000087385a98,0x0000000089c00000)
 Metaspace       used 82644K, capacity 86874K, committed 87064K, reserved 1124352K
  class space    used 11165K, capacity 11942K, committed 12080K, reserved 1048576K
Event: 149.707 GC heap after
Heap after GC invocations=31 (full 4):
 PSYoungGen      total 510976K, used 35248K [0x00000000d5580000, 0x00000000f7780000, 0x0000000100000000)
  eden space 462848K, 0% used [0x00000000d5580000,0x00000000d5580000,0x00000000f1980000)
  from space 48128K, 73% used [0x00000000f1980000,0x00000000f3bec150,0x00000000f4880000)
  to   space 47104K, 0% used [0x00000000f4880000,0x00000000f4880000,0x00000000f7680000)
 ParOldGen       total 159744K, used 125095K [0x0000000080000000, 0x0000000089c00000, 0x00000000d5580000)
  object space 159744K, 78% used [0x0000000080000000,0x0000000087a29e00,0x0000000089c00000)
 Metaspace       used 82644K, capacity 86874K, committed 87064K, reserved 1124352K
  class space    used 11165K, capacity 11942K, committed 12080K, reserved 1048576K
}
Event: 157.814 GC heap before
{Heap before GC invocations=32 (full 4):
 PSYoungGen      total 510976K, used 498096K [0x00000000d5580000, 0x00000000f7780000, 0x0000000100000000)
  eden space 462848K, 100% used [0x00000000d5580000,0x00000000f1980000,0x00000000f1980000)
  from space 48128K, 73% used [0x00000000f1980000,0x00000000f3bec150,0x00000000f4880000)
  to   space 47104K, 0% used [0x00000000f4880000,0x00000000f4880000,0x00000000f7680000)
 ParOldGen       total 159744K, used 125095K [0x0000000080000000, 0x0000000089c00000, 0x00000000d5580000)
  object space 159744K, 78% used [0x0000000080000000,0x0000000087a29e00,0x0000000089c00000)
 Metaspace       used 82645K, capacity 86874K, committed 87064K, reserved 1124352K
  class space    used 11165K, capacity 11942K, committed 12080K, reserved 1048576K
Event: 159.538 GC heap after
Heap after GC invocations=32 (full 4):
 PSYoungGen      total 509952K, used 18669K [0x00000000d5580000, 0x00000000f7780000, 0x0000000100000000)
  eden space 462848K, 0% used [0x00000000d5580000,0x00000000d5580000,0x00000000f1980000)
  from space 47104K, 39% used [0x00000000f4880000,0x00000000f5abb510,0x00000000f7680000)
  to   space 48128K, 0% used [0x00000000f1980000,0x00000000f1980000,0x00000000f4880000)
 ParOldGen       total 159744K, used 127839K [0x0000000080000000, 0x0000000089c00000, 0x00000000d5580000)
  object space 159744K, 80% used [0x0000000080000000,0x0000000087cd7cb8,0x0000000089c00000)
 Metaspace       used 82645K, capacity 86874K, committed 87064K, reserved 1124352K
  class space    used 11165K, capacity 11942K, committed 12080K, reserved 1048576K
}

